# JRE version: Java(TM) SE Runtime Environment (8.0_91-b14) (build 1.8.0_91-b14)
# Java VM: Java HotSpot(TM) 64-Bit Server VM (25.91-b14 mixed mode windows-amd64 compressed oops)
Heap:
 PSYoungGen      total 138240K, used 57190K [0x00000000d5e00000, 0x00000000dff80000, 0x0000000100000000)
  eden space 127488K, 44% used [0x00000000d5e00000,0x00000000d95d9910,0x00000000dda80000)
  from space 10752K, 0% used [0x00000000dda80000,0x00000000dda80000,0x00000000de500000)
  to   space 14336K, 0% used [0x00000000df180000,0x00000000df180000,0x00000000dff80000)
 ParOldGen       total 104448K, used 19710K [0x0000000081a00000, 0x0000000088000000, 0x00000000d5e00000)
  object space 104448K, 18% used [0x0000000081a00000,0x0000000082d3fab0,0x0000000088000000)
 Metaspace       used 43396K, capacity 43862K, committed 44328K, reserved 1087488K
  class space    used 6220K, capacity 6375K, committed 6440K, reserved 1048576K
GC Heap History (10 events):
Event: 2.714 GC heap before
{Heap before GC invocations=5 (full 0):
 PSYoungGen      total 71680K, used 53628K [0x00000000d5e00000, 0x00000000da900000, 0x0000000100000000)
  eden space 66560K, 72% used [0x00000000d5e00000,0x00000000d8d60a28,0x00000000d9f00000)
  from space 5120K, 99% used [0x00000000da400000,0x00000000da8fe978,0x00000000da900000)
  to   space 5120K, 0% used [0x00000000d9f00000,0x00000000d9f00000,0x00000000da400000)
 ParOldGen       total 87552K, used 1782K [0x0000000081a00000, 0x0000000086f80000, 0x00000000d5e00000)
  object space 87552K, 2% used [0x0000000081a00000,0x0000000081bbd9c8,0x0000000086f80000)
 Metaspace       used 20869K, capacity 21060K, committed 21296K, reserved 1067008K
  class space    used 3325K, capacity 3396K, committed 3456K, reserved 1048576K
Event: 2.729 GC heap after
Heap after GC invocations=5 (full 0):
 PSYoungGen      total 71680K, used 5114K [0x00000000d5e00000, 0x00000000df500000, 0x0000000100000000)
  eden space 66560K, 0% used [0x00000000d5e00000,0x00000000d5e00000,0x00000000d9f00000)
  from space 5120K, 99% used [0x00000000d9f00000,0x00000000da3fe978,0x00000000da400000)
  to   space 10752K, 0% used [0x00000000dea80000,0x00000000dea80000,0x00000000df500000)
 ParOldGen       total 87552K, used 8088K [0x0000000081a00000, 0x0000000086f80000, 0x00000000d5e00000)
  object space 87552K, 9% used [0x0000000081a00000,0x00000000821e62f0,0x0000000086f80000)
 Metaspace       used 20869K, capacity 21060K, committed 21296K, reserved 1067008K
  class space    used 3325K, capacity 3396K, committed 3456K, reserved 1048576K
}
Event: 2.730 GC heap before
{Heap before GC invocations=6 (full 1):
 PSYoungGen      total 71680K, used 5114K [0x00000000d5e00000, 0x00000000df500000, 0x0000000100000000)
  eden space 66560K, 0% used [0x00000000d5e00000,0x00000000d5e00000,0x00000000d9f00000)
  from space 5120K, 99% used [0x00000000d9f00000,0x00000000da3fe978,0x00000000da400000)
  to   space 10752K, 0% used [0x00000000dea80000,0x00000000dea80000,0x00000000df500000)
 ParOldGen       total 87552K, used 8088K [0x0000000081a00000, 0x0000000086f80000, 0x00000000d5e00000)
  object space 87552K, 9% used [0x0000000081a00000,0x00000000821e62f0,0x0000000086f80000)
 Metaspace       used 20869K, capacity 21060K, committed 21296K, reserved 1067008K
  class space    used 3325K, capacity 3396K, committed 3456K, reserved 1048576K
Event: 2.797 GC heap after
Heap after GC invocations=6 (full 1):
 PSYoungGen      total 71680K, used 0K [0x00000000d5e00000, 0x00000000df500000, 0x0000000100000000)
  eden space 66560K, 0% used [0x00000000d5e00000,0x00000000d5e00000,0x00000000d9f00000)
  from space 5120K, 0% used [0x00000000d9f00000,0x00000000d9f00000,0x00000000da400000)
  to   space 10752K, 0% used [0x00000000dea80000,0x00000000dea80000,0x00000000df500000)
 ParOldGen       total 66048K, used 10898K [0x0000000081a00000, 0x0000000085a80000, 0x00000000d5e00000)
  object space 66048K, 16% used [0x0000000081a00000,0x00000000824a4908,0x0000000085a80000)
 Metaspace       used 20869K, capacity 21060K, committed 21296K, reserved 1067008K
  class space    used 3325K, capacity 3396K, committed 3456K, reserved 1048576K
}
Event: 4.935 GC heap before
{Heap before GC invocations=7 (full 1):
 PSYoungGen      total 71680K, used 66560K [0x00000000d5e00000, 0x00000000df500000, 0x0000000100000000)
  eden space 66560K, 100% used [0x00000000d5e00000,0x00000000d9f00000,0x00000000d9f00000)
  from space 5120K, 0% used [0x00000000d9f00000,0x00000000d9f00000,0x00000000da400000)
  to   space 10752K, 0% used [0x00000000dea80000,0x00000000dea80000,0x00000000df500000)
 ParOldGen       total 66048K, used 10898K [0x0000000081a00000, 0x0000000085a80000, 0x00000000d5e00000)
  object space 66048K, 16% used [0x0000000081a00000,0x00000000824a4908,0x0000000085a80000)
 Metaspace       used 24864K, capacity 25164K, committed 25600K, reserved 1071104K
  class space    used 3963K, capacity 4048K, committed 4096K, reserved 1048576K
Event: 4.942 GC heap after
Heap after GC invocations=7 (full 1):
 PSYoungGen      total 101888K, used 4765K [0x00000000d5e00000, 0x00000000def80000, 0x0000000100000000)
  eden space 96768K, 0% used [0x00000000d5e00000,0x00000000d5e00000,0x00000000dbc80000)
  from space 5120K, 93% used [0x00000000dea80000,0x00000000def27620,0x00000000def80000)
  to   space 10752K, 0% used [0x00000000dda80000,0x00000000dda80000,0x00000000de500000)
 ParOldGen       total 66048K, used 10906K [0x0000000081a00000, 0x0000000085a80000, 0x00000000d5e00000)
  object space 66048K, 16% used [0x0000000081a00000,0x00000000824a6908,0x0000000085a80000)
 Metaspace       used 24864K, capacity 25164K, committed 25600K, reserved 1071104K
  class space    used 3963K, capacity 4048K, committed 4096K, reserved 1048576K
}
Event: 7.110 GC heap before
{Heap before GC invocations=8 (full 1):
 PSYoungGen      total 101888K, used 100707K [0x00000000d5e00000, 0x00000000def80000, 0x0000000100000000)
  eden space 96768K, 99% used [0x00000000d5e00000,0x00000000dbbb1938,0x00000000dbc80000)
  from space 5120K, 93% used [0x00000000dea80000,0x00000000def27620,0x00000000def80000)
  to   space 10752K, 0% used [0x00000000dda80000,0x00000000dda80000,0x00000000de500000)
 ParOldGen       total 66048K, used 10906K [0x0000000081a00000, 0x0000000085a80000, 0x00000000d5e00000)
  object space 66048K, 16% used [0x0000000081a00000,0x00000000824a6908,0x0000000085a80000)
 Metaspace       used 34807K, capacity 35198K, committed 35496K, reserved 1079296K
  class space    used 5143K, capacity 5261K, committed 5288K, reserved 1048576K
Event: 7.128 GC heap after
Heap after GC invocations=8 (full 1):
 PSYoungGen      total 138240K, used 10751K [0x00000000d5e00000, 0x00000000dff80000, 0x0000000100000000)
  eden space 127488K, 0% used [0x00000000d5e00000,0x00000000d5e00000,0x00000000dda80000)
  from space 10752K, 99% used [0x00000000dda80000,0x00000000de4ffd90,0x00000000de500000)
  to   space 14336K, 0% used [0x00000000df180000,0x00000000df180000,0x00000000dff80000)
 ParOldGen       total 66048K, used 14721K [0x0000000081a00000, 0x0000000085a80000, 0x00000000d5e00000)
  object space 66048K, 22% used [0x0000000081a00000,0x0000000082860590,0x0000000085a80000)
 Metaspace       used 34807K, capacity 35198K, committed 35496K, reserved 1079296K
  class space    used 5143K, capacity 5261K, committed 5288K, reserved 1048576K
}
Event: 7.128 GC heap before
{Heap before GC invocations=9 (full 2):
 PSYoungGen      total 138240K, used 10751K [0x00000000d5e00000, 0x00000000dff80000, 0x0000000100000000)
  eden space 127488K, 0% used [0x00000000d5e00000,0x00000000d5e00000,0x00000000dda80000)
  from space 10752K, 99% used [0x00000000dda80000,0x00000000de4ffd90,0x00000000de500000)
  to   space 14336K, 0% used [0x00000000df180000,0x00000000df180000,0x00000000dff80000)
 ParOldGen       total 66048K, used 14721K [0x0000000081a00000, 0x0000000085a80000, 0x00000000d5e00000)
  object space 66048K, 22% used [0x0000000081a00000,0x0000000082860590,0x0000000085a80000)
 Metaspace       used 34807K, capacity 35198K, committed 35496K, reserved 1079296K
  class space    used 5143K, capacity 5261K, committed 5288K, reserved 1048576K
Event: 7.223 GC heap after
Heap after GC invocations=9 (full 2):
 PSYoungGen      total 138240K, used 0K [0x00000000d5e00000, 0x00000000dff80000, 0x0000000100000000)
  eden space 127488K, 0% used [0x00000000d5e00000,0x00000000d5e00000,0x00000000dda80000)
  from space 10752K, 0% used [0x00000000dda80000,0x00000000dda80000,0x00000000de500000)
  to   space 14336K, 0% used [0x00000000df180000,0x00000000df180000,0x00000000dff80000)
 ParOldGen       total 104448K, used 19710K [0x0000000081a00000, 0x0000000088000000, 0x00000000d5e00000)
  object space 104448K, 18% used [0x0000000081a00000,0x0000000082d3fab0,0x0000000088000000)
 Metaspace       used 34807K, capacity 35198K, committed 35496K, reserved 1079296K
  class space    used 5143K, capacity 5261K, committed 5288K, reserved 1048576K
}

